<?xml version="1.0" encoding="UTF-8"?>
<!-- Generated by org.testng.reporters.JUnitXMLReporter -->
<testsuite hostname="abc-PC" name="Default test" tests="4" failures="0" timestamp="24 Nov 2019 11:45:33 GMT" time="0.045" errors="0">
  <testcase name="test" time="0.01" classname="com.testNG.DemotestNG"/>
  <testcase name="test2" time="0.001" classname="com.testNG.DemotestNG"/>
  <testcase name="test2" time="0.001" classname="com.testNG.DemotestNG"/>
  <testcase name="test3" time="0.001" classname="com.testNG.DemotestNG"/>
</testsuite> <!-- Default test -->
