<?xml version="1.0" encoding="UTF-8"?>
<testng-results skipped="0" failed="0" total="1" passed="1">
  <reporter-output>
  </reporter-output>
  <suite name="example suite 1" duration-ms="33" started-at="2019-11-25T18:24:49Z" finished-at="2019-11-25T18:24:49Z">
    <groups>
      <group name="A">
        <method signature="Demotestng2.test5()[pri:0, instance:com.testNG.Demotestng2@43840]" name="test5" class="com.testNG.Demotestng2"/>
      </group> <!-- A -->
    </groups>
    <test name="Regression suite 1" duration-ms="33" started-at="2019-11-25T18:24:49Z" finished-at="2019-11-25T18:24:49Z">
      <class name="com.testNG.Demotestng2">
        <test-method status="PASS" signature="BeforeClass()[pri:0, instance:com.testNG.Demotestng2@43840]" name="BeforeClass" is-config="true" duration-ms="0" started-at="2019-11-25T23:54:49Z" finished-at="2019-11-25T23:54:49Z">
          <reporter-output>
          </reporter-output>
        </test-method> <!-- BeforeClass -->
        <test-method status="PASS" signature="test5()[pri:0, instance:com.testNG.Demotestng2@43840]" name="test5" duration-ms="1" started-at="2019-11-25T23:54:49Z" finished-at="2019-11-25T23:54:49Z">
          <reporter-output>
          </reporter-output>
        </test-method> <!-- test5 -->
        <test-method status="PASS" signature="AfterClass()[pri:0, instance:com.testNG.Demotestng2@43840]" name="AfterClass" is-config="true" duration-ms="3" started-at="2019-11-25T23:54:49Z" finished-at="2019-11-25T23:54:49Z">
          <reporter-output>
          </reporter-output>
        </test-method> <!-- AfterClass -->
      </class> <!-- com.testNG.Demotestng2 -->
      <class name="com.testNG.DemotestNG">
        <test-method status="PASS" signature="Beforesuite()[pri:0, instance:com.testNG.DemotestNG@15f7ae5]" name="Beforesuite" is-config="true" duration-ms="16" started-at="2019-11-25T23:54:49Z" finished-at="2019-11-25T23:54:49Z">
          <reporter-output>
          </reporter-output>
        </test-method> <!-- Beforesuite -->
        <test-method status="PASS" signature="Aftersuite()[pri:0, instance:com.testNG.DemotestNG@15f7ae5]" name="Aftersuite" is-config="true" duration-ms="0" started-at="2019-11-25T23:54:49Z" finished-at="2019-11-25T23:54:49Z">
          <reporter-output>
          </reporter-output>
        </test-method> <!-- Aftersuite -->
      </class> <!-- com.testNG.DemotestNG -->
    </test> <!-- Regression suite 1 -->
  </suite> <!-- example suite 1 -->
</testng-results>
