<?xml version="1.0" encoding="UTF-8"?>
<testng-results skipped="0" failed="0" total="4" passed="4">
  <reporter-output>
  </reporter-output>
  <suite name="Default suite" duration-ms="45" started-at="2019-11-24T11:45:33Z" finished-at="2019-11-24T11:45:33Z">
    <groups>
      <group name="A">
        <method signature="DemotestNG.test()[pri:0, instance:com.testNG.DemotestNG@a4a92b]" name="test" class="com.testNG.DemotestNG"/>
        <method signature="DemotestNG.test3()[pri:0, instance:com.testNG.DemotestNG@a4a92b]" name="test3" class="com.testNG.DemotestNG"/>
      </group> <!-- A -->
      <group name="B">
        <method signature="DemotestNG.test2()[pri:0, instance:com.testNG.DemotestNG@a4a92b]" name="test2" class="com.testNG.DemotestNG"/>
      </group> <!-- B -->
    </groups>
    <test name="Default test" duration-ms="45" started-at="2019-11-24T11:45:33Z" finished-at="2019-11-24T11:45:33Z">
      <class name="com.testNG.DemotestNG">
        <test-method status="PASS" signature="Beforesuite()[pri:0, instance:com.testNG.DemotestNG@a4a92b]" name="Beforesuite" is-config="true" duration-ms="56" started-at="2019-11-24T17:15:33Z" finished-at="2019-11-24T17:15:33Z">
          <reporter-output>
          </reporter-output>
        </test-method> <!-- Beforesuite -->
        <test-method status="PASS" signature="BeforeClass()[pri:0, instance:com.testNG.DemotestNG@a4a92b]" name="BeforeClass" is-config="true" duration-ms="0" started-at="2019-11-24T17:15:33Z" finished-at="2019-11-24T17:15:33Z">
          <reporter-output>
          </reporter-output>
        </test-method> <!-- BeforeClass -->
        <test-method status="PASS" signature="test()[pri:0, instance:com.testNG.DemotestNG@a4a92b]" name="test" duration-ms="10" started-at="2019-11-24T17:15:33Z" finished-at="2019-11-24T17:15:33Z">
          <reporter-output>
          </reporter-output>
        </test-method> <!-- test -->
        <test-method status="PASS" signature="beforemethod()[pri:0, instance:com.testNG.DemotestNG@a4a92b]" name="beforemethod" is-config="true" duration-ms="0" started-at="2019-11-24T17:15:33Z" finished-at="2019-11-24T17:15:33Z">
          <reporter-output>
          </reporter-output>
        </test-method> <!-- beforemethod -->
        <test-method status="PASS" signature="Aftermethod()[pri:0, instance:com.testNG.DemotestNG@a4a92b]" name="Aftermethod" is-config="true" duration-ms="0" started-at="2019-11-24T17:15:33Z" finished-at="2019-11-24T17:15:33Z">
          <reporter-output>
          </reporter-output>
        </test-method> <!-- Aftermethod -->
        <test-method status="PASS" signature="test2()[pri:0, instance:com.testNG.DemotestNG@a4a92b]" name="test2" duration-ms="1" started-at="2019-11-24T17:15:33Z" depends-on-methods="com.testNG.DemotestNG.test" finished-at="2019-11-24T17:15:33Z">
          <reporter-output>
          </reporter-output>
        </test-method> <!-- test2 -->
        <test-method status="PASS" signature="beforemethod()[pri:0, instance:com.testNG.DemotestNG@a4a92b]" name="beforemethod" is-config="true" duration-ms="0" started-at="2019-11-24T17:15:33Z" finished-at="2019-11-24T17:15:33Z">
          <reporter-output>
          </reporter-output>
        </test-method> <!-- beforemethod -->
        <test-method status="PASS" signature="Aftermethod()[pri:0, instance:com.testNG.DemotestNG@a4a92b]" name="Aftermethod" is-config="true" duration-ms="1" started-at="2019-11-24T17:15:33Z" finished-at="2019-11-24T17:15:33Z">
          <reporter-output>
          </reporter-output>
        </test-method> <!-- Aftermethod -->
        <test-method status="PASS" signature="test2()[pri:0, instance:com.testNG.DemotestNG@a4a92b]" name="test2" duration-ms="1" started-at="2019-11-24T17:15:33Z" depends-on-methods="com.testNG.DemotestNG.test" finished-at="2019-11-24T17:15:33Z">
          <reporter-output>
          </reporter-output>
        </test-method> <!-- test2 -->
        <test-method status="PASS" signature="beforemethod()[pri:0, instance:com.testNG.DemotestNG@a4a92b]" name="beforemethod" is-config="true" duration-ms="0" started-at="2019-11-24T17:15:33Z" finished-at="2019-11-24T17:15:33Z">
          <reporter-output>
          </reporter-output>
        </test-method> <!-- beforemethod -->
        <test-method status="PASS" signature="Aftermethod()[pri:0, instance:com.testNG.DemotestNG@a4a92b]" name="Aftermethod" is-config="true" duration-ms="0" started-at="2019-11-24T17:15:33Z" finished-at="2019-11-24T17:15:33Z">
          <reporter-output>
          </reporter-output>
        </test-method> <!-- Aftermethod -->
        <test-method status="PASS" signature="beforemethod()[pri:0, instance:com.testNG.DemotestNG@a4a92b]" name="beforemethod" is-config="true" duration-ms="1" started-at="2019-11-24T17:15:33Z" finished-at="2019-11-24T17:15:33Z">
          <reporter-output>
          </reporter-output>
        </test-method> <!-- beforemethod -->
        <test-method status="PASS" signature="test3()[pri:0, instance:com.testNG.DemotestNG@a4a92b]" name="test3" duration-ms="1" started-at="2019-11-24T17:15:33Z" depends-on-methods="com.testNG.DemotestNG.test2" finished-at="2019-11-24T17:15:33Z">
          <reporter-output>
          </reporter-output>
        </test-method> <!-- test3 -->
        <test-method status="PASS" signature="AfterClass()[pri:0, instance:com.testNG.DemotestNG@a4a92b]" name="AfterClass" is-config="true" duration-ms="0" started-at="2019-11-24T17:15:33Z" finished-at="2019-11-24T17:15:33Z">
          <reporter-output>
          </reporter-output>
        </test-method> <!-- AfterClass -->
        <test-method status="PASS" signature="Aftermethod()[pri:0, instance:com.testNG.DemotestNG@a4a92b]" name="Aftermethod" is-config="true" duration-ms="0" started-at="2019-11-24T17:15:33Z" finished-at="2019-11-24T17:15:33Z">
          <reporter-output>
          </reporter-output>
        </test-method> <!-- Aftermethod -->
        <test-method status="PASS" signature="Aftersuite()[pri:0, instance:com.testNG.DemotestNG@a4a92b]" name="Aftersuite" is-config="true" duration-ms="1" started-at="2019-11-24T17:15:33Z" finished-at="2019-11-24T17:15:33Z">
          <reporter-output>
          </reporter-output>
        </test-method> <!-- Aftersuite -->
      </class> <!-- com.testNG.DemotestNG -->
    </test> <!-- Default test -->
  </suite> <!-- Default suite -->
</testng-results>
